<?xml version="1.0" encoding="UTF-8"?>
<!-- Generated by org.testng.reporters.JUnitReportReporter -->
<testsuite hostname="selvakumarsMini" failures="1" tests="1" name="cucumberOptions.TestNGRunner" time="46.283" errors="0" timestamp="2023-11-23T22:50:40 GMT" skipped="0">
  <testcase classname="cucumberOptions.TestNGRunner" name="runScenario" time="46.283">
    <failure message="expected [true] but found [false]" type="java.lang.AssertionError">
      <![CDATA[java.lang.AssertionError: expected [true] but found [false]
at org.testng.Assert.fail(Assert.java:110)
at org.testng.Assert.failNotEquals(Assert.java:1577)
at org.testng.Assert.assertEqualsImpl(Assert.java:149)
at org.testng.Assert.assertEquals(Assert.java:131)
at org.testng.Assert.assertEquals(Assert.java:1066)
at org.testng.Assert.assertEquals(Assert.java:1030)
at org.testng.Assert.assertEquals(Assert.java:1076)
at stepDefinitions.HomePageStepDef.user_should_see_the_search_result_page_successfully(HomePageStepDef.java:80)
at âœ½.User should see the search result page successfully(file:///Users/elaiyaperumal/Documents/Workspace/git_workspace/BddCucumberJava/src/test/java/features/HomePageTest.feature:17)
]]>
    </failure>
  </testcase> <!-- runScenario -->
  <system-out/>
</testsuite> <!-- cucumberOptions.TestNGRunner -->
